<?xml version="1.0" encoding="UTF-8"?>
<!-- Generated by org.testng.reporters.JUnitReportReporter -->
<testsuite hostname="Lenovo" failures="0" tests="1" name="testCases.TC_002_LoginTest" time="2.434" errors="0" timestamp="2025-03-17T17:06:53 IST" skipped="0">
  <testcase classname="testCases.TC_002_LoginTest" name="verifyLgin" time="2.434"/>
</testsuite> <!-- testCases.TC_002_LoginTest -->
