<?xml version="1.0" encoding="UTF-8"?>
<!-- Generated by org.testng.reporters.JUnitReportReporter -->
<testsuite hostname="Lenovo" failures="0" tests="1" name="testCases.TC_001_AccountRegistrationTest" time="4.537" errors="0" timestamp="2025-03-17T17:06:53 IST" skipped="0">
  <testcase classname="testCases.TC_001_AccountRegistrationTest" name="verify_Account_Registration" time="4.537"/>
</testsuite> <!-- testCases.TC_001_AccountRegistrationTest -->
