<?xml version="1.0" encoding="UTF-8"?>
<!-- Generated by org.testng.reporters.JUnitReportReporter -->
<testsuite hostname="Lenovo" failures="0" tests="1" name="testCases.TC_002_LoginTest" time="3.500" errors="0" timestamp="2025-03-17T18:56:19 IST" skipped="0">
  <testcase classname="testCases.TC_002_LoginTest" name="verifyLgin" time="3.500"/>
</testsuite> <!-- testCases.TC_002_LoginTest -->
